apicloud/APICloudModuleSDK/app/build/intermediates/manifest_merge_blame_file/debug/manifest-merger-blame-debug-report.txt
1<?xml version="1.0" encoding="utf-8"?>
2<manifest xmlns:android="http://schemas.android.com/apk/res/android"
3    package="com.apicloud.pkg.sdk"
4    android:versionCode="1"
5    android:versionName="1.0" >
6
7    <uses-sdk
8        android:minSdkVersion="14"
8-->src\main\AndroidManifest.xml
9        android:targetSdkVersion="28" />
9-->src\main\AndroidManifest.xml
10
11    <supports-screens
11-->src\main\AndroidManifest.xml:7:5-13:40
12        android:anyDensity="true"
12-->src\main\AndroidManifest.xml:8:9-34
13        android:largeScreens="true"
13-->src\main\AndroidManifest.xml:9:9-36
14        android:normalScreens="true"
14-->src\main\AndroidManifest.xml:10:9-37
15        android:resizeable="true"
15-->src\main\AndroidManifest.xml:11:9-34
16        android:smallScreens="true"
16-->src\main\AndroidManifest.xml:12:9-36
17        android:xlargeScreens="true" />
17-->src\main\AndroidManifest.xml:13:9-37
18
19    <uses-permission android:name="android.permission.INTERNET" />
19-->src\main\AndroidManifest.xml:15:5-67
19-->src\main\AndroidManifest.xml:15:22-64
20    <uses-permission android:name="android.permission.WRITE_EXTERNAL_STORAGE" />
20-->src\main\AndroidManifest.xml:16:5-81
20-->src\main\AndroidManifest.xml:16:22-78
21    <uses-permission android:name="android.permission.ACCESS_NETWORK_STATE" />
21-->src\main\AndroidManifest.xml:17:5-79
21-->src\main\AndroidManifest.xml:17:22-76
22    <uses-permission android:name="android.permission.ACCESS_WIFI_STATE" />
22-->src\main\AndroidManifest.xml:18:5-76
22-->src\main\AndroidManifest.xml:18:22-73
23    <uses-permission android:name="android.permission.VIBRATE" />
23-->src\main\AndroidManifest.xml:19:5-66
23-->src\main\AndroidManifest.xml:19:22-63
24    <uses-permission android:name="android.permission.READ_PHONE_STATE" />
24-->src\main\AndroidManifest.xml:20:5-75
24-->src\main\AndroidManifest.xml:20:22-72
25    <uses-permission android:name="android.permission.BLUETOOTH" />
25-->[:moduleBluetoothSerial] AndroidManifest.xml:11:5-68
25-->[:moduleBluetoothSerial] AndroidManifest.xml:11:22-65
26    <uses-permission android:name="android.permission.BLUETOOTH_ADMIN" />
26-->[:moduleBluetoothSerial] AndroidManifest.xml:12:5-74
26-->[:moduleBluetoothSerial] AndroidManifest.xml:12:22-71
27    <uses-permission android:name="android.permission.ACCESS_COARSE_LOCATION" />
27-->[:moduleBluetoothSerial] AndroidManifest.xml:14:5-81
27-->[:moduleBluetoothSerial] AndroidManifest.xml:14:22-78
28    <uses-permission android:name="android.permission.ACCESS_FINE_LOCATION" />
28-->[:moduleBluetoothSerial] AndroidManifest.xml:15:5-79
28-->[:moduleBluetoothSerial] AndroidManifest.xml:15:22-76
29
30    <application
30-->src\main\AndroidManifest.xml:22:5-59:19
31        android:name="com.uzmap.pkg.uzapp.UZApplication"
31-->src\main\AndroidManifest.xml:22:18-66
32        android:allowBackup="false"
32-->src\main\AndroidManifest.xml:23:9-36
33        android:appComponentFactory="android.support.v4.app.CoreComponentFactory"
33-->[com.android.support:support-compat:28.0.0] AndroidManifest.xml:22:18-91
34        android:debuggable="true"
35        android:hardwareAccelerated="true"
35-->src\main\AndroidManifest.xml:27:9-43
36        android:icon="@drawable/uz_icon"
36-->src\main\AndroidManifest.xml:24:9-41
37        android:label="@string/app_name"
37-->src\main\AndroidManifest.xml:25:9-41
38        android:largeHeap="true"
38-->src\main\AndroidManifest.xml:26:9-33
39        android:supportsRtl="true"
39-->[:moduleScrollPicture] AndroidManifest.xml:14:9-35
40        android:testOnly="true"
41        android:usesCleartextTraffic="true" >
41-->src\main\AndroidManifest.xml:28:9-44
42        <meta-data
42-->src\main\AndroidManifest.xml:31:9-70
43            android:name="uz_version"
43-->src\main\AndroidManifest.xml:31:20-45
44            android:value="1.2.0" />
44-->src\main\AndroidManifest.xml:31:46-67
45
46        <activity
46-->src\main\AndroidManifest.xml:33:9-44:20
47            android:name="com.uzmap.pkg.LauncherUI"
47-->src\main\AndroidManifest.xml:34:13-52
48            android:configChanges="orientation|locale|keyboardHidden|screenLayout|screenSize|smallestScreenSize|keyboard|fontScale"
48-->src\main\AndroidManifest.xml:39:13-132
49            android:label="@string/app_name"
49-->src\main\AndroidManifest.xml:35:13-45
50            android:launchMode="singleTop"
50-->src\main\AndroidManifest.xml:36:13-43
51            android:theme="@style/AppTheme"
51-->src\main\AndroidManifest.xml:37:13-44
52            android:windowSoftInputMode="adjustUnspecified|stateHidden|adjustResize|adjustPan|adjustNothing" >
52-->src\main\AndroidManifest.xml:38:13-109
53            <intent-filter>
53-->src\main\AndroidManifest.xml:40:11-43:33
54                <action android:name="android.intent.action.MAIN" />
54-->src\main\AndroidManifest.xml:41:18-70
54-->src\main\AndroidManifest.xml:41:26-67
55
56                <category android:name="android.intent.category.LAUNCHER" />
56-->src\main\AndroidManifest.xml:42:18-78
56-->src\main\AndroidManifest.xml:42:28-75
57            </intent-filter>
58        </activity>
59        <activity
59-->src\main\AndroidManifest.xml:45:9-54:20
60            android:name="com.uzmap.pkg.EntranceActivity"
60-->src\main\AndroidManifest.xml:46:13-58
61            android:configChanges="orientation|locale|keyboardHidden|keyboard|screenLayout|screenSize|smallestScreenSize|touchscreen|navigation"
61-->src\main\AndroidManifest.xml:53:13-145
62            android:exported="true"
62-->src\main\AndroidManifest.xml:50:4-27
63            android:label="@string/app_name"
63-->src\main\AndroidManifest.xml:47:13-45
64            android:launchMode="singleTask"
64-->src\main\AndroidManifest.xml:49:13-44
65            android:screenOrientation="portrait"
65-->src\main\AndroidManifest.xml:51:13-49
66            android:theme="@style/AppTheme"
66-->src\main\AndroidManifest.xml:48:13-44
67            android:windowSoftInputMode="adjustPan" >
67-->src\main\AndroidManifest.xml:52:13-52
68        </activity>
69
70        <provider
71            android:name="com.uzmap.pkg.uzapp.DataProvider"
71-->src\main\AndroidManifest.xml:55:13-60
72            android:authorities="com.apicloud.pkg.sdk.upms"
72-->src\main\AndroidManifest.xml:56:13-56
73            android:exported="false"
73-->src\main\AndroidManifest.xml:57:13-37
74            android:grantUriPermissions="true" />
74-->src\main\AndroidManifest.xml:58:13-47
75
76        <activity
76-->[:moduleDemo] AndroidManifest.xml:17:9-21:84
77            android:name="com.apicloud.moduleDemo.DemoActivity"
77-->[:moduleDemo] AndroidManifest.xml:18:13-64
78            android:configChanges="orientation|locale"
78-->[:moduleDemo] AndroidManifest.xml:19:13-55
79            android:screenOrientation="portrait"
79-->[:moduleDemo] AndroidManifest.xml:20:13-49
80            android:theme="@android:style/Theme.DeviceDefault.Light.NoActionBar" />
80-->[:moduleDemo] AndroidManifest.xml:21:13-81
81    </application>
82
83</manifest>